-------------------------------------------------------------------------------
Test set: course.commerce.api.InventoryServiceTest
-------------------------------------------------------------------------------
Tests run: 1, Failures: 1, Errors: 0, Skipped: 0, Time elapsed: 0.071 s <<< FAILURE! -- in course.commerce.api.InventoryServiceTest
course.commerce.api.InventoryServiceTest.repeatedIdempotencyKeyShouldNotReserveTwice -- Time elapsed: 0.058 s <<< FAILURE!
org.opentest4j.AssertionFailedError: 

expected: "0fde1347-a07a-49f1-9334-4c9459d4be9a"
 but was: "21988035-6649-4284-8d84-35cef2ab099f"
	at course.commerce.api.InventoryServiceTest.repeatedIdempotencyKeyShouldNotReserveTwice(InventoryServiceTest.java:17)

